<?xml version="1.0" encoding="UTF-8"?>
<testng-results ignored="0" total="7" passed="4" failed="3" skipped="0">
  <reporter-output>
  </reporter-output>
  <suite started-at="2024-11-12T09:49:13 PST" name="Default suite" finished-at="2024-11-12T09:52:06 PST" duration-ms="172926">
    <groups>
      <group name="cucumber">
        <method signature="AbstractTestNGCucumberTests.runScenario(io.cucumber.testng.PickleWrapper,io.cucumber.testng.FeatureWrapper)[pri:0, instance:testRunnner.Runnner1@2d7275fc]" name="runScenario" class="io.cucumber.testng.AbstractTestNGCucumberTests"/>
      </group> <!-- cucumber -->
    </groups>
    <test started-at="2024-11-12T09:49:13 PST" name="Default test" finished-at="2024-11-12T09:52:06 PST" duration-ms="172926">
      <class name="testRunnner.Runnner1">
        <test-method is-config="true" signature="setUpClass(org.testng.ITestContext)[pri:0, instance:testRunnner.Runnner1@2d7275fc]" started-at="2024-11-12T09:49:13 PST" name="setUpClass" finished-at="2024-11-12T09:49:13 PST" duration-ms="235" status="PASS">
          <params>
            <param index="0">
              <value>
                <![CDATA[org.testng.TestRunner@4d3c6593]]>
              </value>
            </param>
          </params>
          <reporter-output>
          </reporter-output>
        </test-method> <!-- setUpClass -->
        <test-method signature="runScenario(io.cucumber.testng.PickleWrapper,io.cucumber.testng.FeatureWrapper)[pri:0, instance:testRunnner.Runnner1@2d7275fc]" started-at="2024-11-12T09:49:13 PST" name="runScenario" description="Runs Cucumber Scenarios" data-provider="scenarios" finished-at="2024-11-12T09:49:32 PST" duration-ms="18608" status="PASS">
          <params>
            <param index="0">
              <value>
                <![CDATA["To verify the URL for Demoblaze on google browser"]]>
              </value>
            </param>
            <param index="1">
              <value>
                <![CDATA["Portal and login page validation"]]>
              </value>
            </param>
          </params>
          <reporter-output>
          </reporter-output>
        </test-method> <!-- runScenario -->
        <test-method signature="runScenario(io.cucumber.testng.PickleWrapper,io.cucumber.testng.FeatureWrapper)[pri:0, instance:testRunnner.Runnner1@2d7275fc]" started-at="2024-11-12T09:49:32 PST" name="runScenario" description="Runs Cucumber Scenarios" data-provider="scenarios" finished-at="2024-11-12T09:49:48 PST" duration-ms="16203" status="PASS">
          <params>
            <param index="0">
              <value>
                <![CDATA["To verify the User can access sign up Window"]]>
              </value>
            </param>
            <param index="1">
              <value>
                <![CDATA["Portal and login page validation"]]>
              </value>
            </param>
          </params>
          <reporter-output>
          </reporter-output>
        </test-method> <!-- runScenario -->
        <test-method signature="runScenario(io.cucumber.testng.PickleWrapper,io.cucumber.testng.FeatureWrapper)[pri:0, instance:testRunnner.Runnner1@2d7275fc]" started-at="2024-11-12T09:49:48 PST" name="runScenario" description="Runs Cucumber Scenarios" data-provider="scenarios" finished-at="2024-11-12T09:50:14 PST" duration-ms="26132" status="PASS">
          <params>
            <param index="0">
              <value>
                <![CDATA["To Sign up on portal"]]>
              </value>
            </param>
            <param index="1">
              <value>
                <![CDATA["Portal and login page validation"]]>
              </value>
            </param>
          </params>
          <reporter-output>
          </reporter-output>
        </test-method> <!-- runScenario -->
        <test-method signature="runScenario(io.cucumber.testng.PickleWrapper,io.cucumber.testng.FeatureWrapper)[pri:0, instance:testRunnner.Runnner1@2d7275fc]" started-at="2024-11-12T09:50:14 PST" name="runScenario" description="Runs Cucumber Scenarios" data-provider="scenarios" finished-at="2024-11-12T09:50:43 PST" duration-ms="28248" status="FAIL">
          <params>
            <param index="0">
              <value>
                <![CDATA["Check login is successful with valid credentials"]]>
              </value>
            </param>
            <param index="1">
              <value>
                <![CDATA["Portal and login page validation"]]>
              </value>
            </param>
          </params>
          <exception class="java.lang.AssertionError">
            <message>
              <![CDATA[Unexpected alert message: This user already exist.]]>
            </message>
            <full-stacktrace>
              <![CDATA[java.lang.AssertionError: Unexpected alert message: This user already exist.
at org.testng.AssertJUnit.fail(AssertJUnit.java:65)
at stepdefinitions.loginstep.user_should_be_successfully_registered(loginstep.java:169)
at ✽.User should be successfully registered(file:///Users/rubyverma/eclipse-workspace/certificateProject_edu/src/test/resources/feautres/demoblaze.feature:38)
]]>
            </full-stacktrace>
          </exception> <!-- java.lang.AssertionError -->
          <reporter-output>
          </reporter-output>
        </test-method> <!-- runScenario -->
        <test-method signature="runScenario(io.cucumber.testng.PickleWrapper,io.cucumber.testng.FeatureWrapper)[pri:0, instance:testRunnner.Runnner1@2d7275fc]" started-at="2024-11-12T09:50:43 PST" name="runScenario" description="Runs Cucumber Scenarios" data-provider="scenarios" finished-at="2024-11-12T09:51:10 PST" duration-ms="27658" status="FAIL">
          <params>
            <param index="0">
              <value>
                <![CDATA["Check login is successful with valid credentials"]]>
              </value>
            </param>
            <param index="1">
              <value>
                <![CDATA["Portal and login page validation"]]>
              </value>
            </param>
          </params>
          <exception class="java.lang.AssertionError">
            <message>
              <![CDATA[Unexpected alert message: This user already exist.]]>
            </message>
            <full-stacktrace>
              <![CDATA[java.lang.AssertionError: Unexpected alert message: This user already exist.
at org.testng.AssertJUnit.fail(AssertJUnit.java:65)
at stepdefinitions.loginstep.user_should_be_successfully_registered(loginstep.java:169)
at ✽.User should be successfully registered(file:///Users/rubyverma/eclipse-workspace/certificateProject_edu/src/test/resources/feautres/demoblaze.feature:38)
]]>
            </full-stacktrace>
          </exception> <!-- java.lang.AssertionError -->
          <reporter-output>
          </reporter-output>
        </test-method> <!-- runScenario -->
        <test-method signature="runScenario(io.cucumber.testng.PickleWrapper,io.cucumber.testng.FeatureWrapper)[pri:0, instance:testRunnner.Runnner1@2d7275fc]" started-at="2024-11-12T09:51:10 PST" name="runScenario" description="Runs Cucumber Scenarios" data-provider="scenarios" finished-at="2024-11-12T09:51:38 PST" duration-ms="27638" status="FAIL">
          <params>
            <param index="0">
              <value>
                <![CDATA["Check login is successful with valid credentials"]]>
              </value>
            </param>
            <param index="1">
              <value>
                <![CDATA["Portal and login page validation"]]>
              </value>
            </param>
          </params>
          <exception class="java.lang.AssertionError">
            <message>
              <![CDATA[Unexpected alert message: This user already exist.]]>
            </message>
            <full-stacktrace>
              <![CDATA[java.lang.AssertionError: Unexpected alert message: This user already exist.
at org.testng.AssertJUnit.fail(AssertJUnit.java:65)
at stepdefinitions.loginstep.user_should_be_successfully_registered(loginstep.java:169)
at ✽.User should be successfully registered(file:///Users/rubyverma/eclipse-workspace/certificateProject_edu/src/test/resources/feautres/demoblaze.feature:38)
]]>
            </full-stacktrace>
          </exception> <!-- java.lang.AssertionError -->
          <reporter-output>
          </reporter-output>
        </test-method> <!-- runScenario -->
        <test-method signature="runScenario(io.cucumber.testng.PickleWrapper,io.cucumber.testng.FeatureWrapper)[pri:0, instance:testRunnner.Runnner1@2d7275fc]" started-at="2024-11-12T09:51:38 PST" name="runScenario" description="Runs Cucumber Scenarios" data-provider="scenarios" finished-at="2024-11-12T09:52:06 PST" duration-ms="28157" status="PASS">
          <params>
            <param index="0">
              <value>
                <![CDATA["User is not able to register if  given username already exists"]]>
              </value>
            </param>
            <param index="1">
              <value>
                <![CDATA["Portal and login page validation"]]>
              </value>
            </param>
          </params>
          <reporter-output>
          </reporter-output>
        </test-method> <!-- runScenario -->
        <test-method is-config="true" signature="tearDownClass()[pri:0, instance:testRunnner.Runnner1@2d7275fc]" started-at="2024-11-12T09:52:06 PST" name="tearDownClass" finished-at="2024-11-12T09:52:06 PST" duration-ms="12" status="PASS">
          <reporter-output>
          </reporter-output>
        </test-method> <!-- tearDownClass -->
      </class> <!-- testRunnner.Runnner1 -->
    </test> <!-- Default test -->
  </suite> <!-- Default suite -->
</testng-results>
